<?xml version="1.0" encoding="UTF-8"?>
<!-- Generated by org.testng.reporters.JUnitReportReporter -->
<testsuite hostname="LAPTOP-DJR9VIKB" failures="0" tests="1" name="sales.sai.transaction.ViewSalesTransactionPageTest" time="3.099" errors="0" timestamp="2023-03-02T15:28:03 IST" skipped="0">
  <testcase classname="sales.sai.transaction.ViewSalesTransactionPageTest" name="viewSalesTransactionPageTest" time="3.099"/>
  <system-out/>
</testsuite> <!-- sales.sai.transaction.ViewSalesTransactionPageTest -->
