<?xml version="1.0" encoding="UTF-8"?>
<!-- Generated by org.testng.reporters.JUnitReportReporter -->
<testsuite hostname="LAPTOP-DJR9VIKB" failures="0" tests="2" name="sales.sai.practice.Checking" time="0.015" errors="0" timestamp="2023-02-22T12:30:46 IST" skipped="0">
  <testcase classname="sales.sai.practice.Checking" name="test" time="0.013"/>
  <system-out/>
  <testcase classname="sales.sai.practice.Checking" name="testing" time="0.002"/>
  <system-out/>
</testsuite> <!-- sales.sai.practice.Checking -->
