<?xml version="1.0" encoding="UTF-8"?>
<!-- Generated by org.testng.reporters.JUnitReportReporter -->
<testsuite hostname="LAPTOP-DJR9VIKB" failures="0" tests="1" name="sales.sai.employee.CreateEmployeeTest" time="4.050" errors="0" timestamp="2023-03-02T11:46:43 IST" skipped="0">
  <testcase classname="sales.sai.employee.CreateEmployeeTest" name="createEmployeeTest" time="4.050"/>
  <system-out/>
</testsuite> <!-- sales.sai.employee.CreateEmployeeTest -->
