<?xml version="1.0" encoding="UTF-8"?>
<!-- Generated by org.testng.reporters.JUnitReportReporter -->
<testsuite hostname="LAPTOP-DJR9VIKB" failures="0" tests="1" name="sales.sai.transaction.CreateSalesTransactionTest" time="2.660" errors="0" timestamp="2023-03-02T10:52:13 IST" skipped="0">
  <testcase classname="sales.sai.transaction.CreateSalesTransactionTest" name="createSalesTransactionTest" time="2.660"/>
  <system-out/>
</testsuite> <!-- sales.sai.transaction.CreateSalesTransactionTest -->
